ch_Główny_Węzeł	23/12/2018	02:39:55		Talos joins Główny_Węzeł
ch_Główny_Węzeł	23/12/2018	03:08:35	Talos	Talos quit
ch_Główny_Węzeł	23/12/2018	03:08:37		Talos joins Główny_Węzeł
ch_Główny_Węzeł	23/12/2018	03:09:22	Talos	Talos quit
ch_Główny_Węzeł	23/12/2018	03:09:25		Talos joins Główny_Węzeł
ch_Główny_Węzeł	23/12/2018	03:10:36	Talos	Talos quit
ch_OldTown	23/12/2018	03:10:49	Talos	Talos joins OldTown
ch_ORP_Kaszub	23/12/2018	03:10:50	Talos	Talos joins ORP_Kaszub
ch_Tricity	23/12/2018	03:10:50	Talos	Talos joins Tricity
ch_Północ	23/12/2018	03:10:51	Talos	Talos joins Północ
ch_OldTown	23/12/2018	03:28:13	Talos	Talos quit
ch_ORP_Kaszub	23/12/2018	03:28:15	Talos	Talos quit
ch_Tricity	23/12/2018	03:28:16	Talos	Talos quit
ch_Północ	23/12/2018	03:28:17	Talos	Talos quit
ch_OldTown	23/12/2018	03:28:39	Talos	Talos joins OldTown
ch_ORP_Kaszub	23/12/2018	03:28:43	Talos	Talos joins ORP_Kaszub
ch_Tricity	23/12/2018	03:28:44	Talos	Talos joins Tricity
ch_Północ	23/12/2018	03:28:44	Talos	Talos joins Północ
ch_ORP_Kaszub	23/12/2018	03:28:49	Talos	Talos quit
ch_Tricity	23/12/2018	03:28:51	Talos	Talos quit
ch_Północ	23/12/2018	03:28:53	Talos	Talos quit
ch_OldTown	23/12/2018	03:29:11	Talos	Wiadomość testowa - do zignorowania!
ch_OldTown	23/12/2018	03:29:20	Talos	Talos quit
ch_OldTown	23/12/2018	03:29:22	Talos	Talos joins OldTown
ch_OldTown	23/12/2018	03:29:27	Talos	Talos quit
ch_OldTown	23/12/2018	03:29:33	Talos	Talos joins OldTown
ch_OldTown	23/12/2018	03:34:54	Talos	Talos quit
ch_OldTown	23/12/2018	03:34:55	Talos	Talos joins OldTown
ch_OldTown	23/12/2018	03:35:14	Talos	Wiadomość testowa - ZIGNOROWAĆ!
ch_OldTown	23/12/2018	03:35:26	Talos	Talos quit
ch_OldTown	23/12/2018	03:35:30		Talos joins OldTown
ch_ORP_Kaszub	23/12/2018	03:35:30		Talos joins ORP_Kaszub
ch_Tricity	23/12/2018	03:35:30		Talos joins Tricity
ch_Północ	23/12/2018	03:35:30		Talos joins Północ
ch_OldTown	23/12/2018	03:41:29		Wasyl joins OldTown
ch_ORP_Kaszub	23/12/2018	03:41:29		Wasyl joins ORP_Kaszub
ch_Tricity	23/12/2018	03:41:29		Wasyl joins Tricity
ch_Północ	23/12/2018	03:41:29		Wasyl joins Północ
ch_Północ	23/12/2018	03:44:42	Talos	Wasyl quit (timeout)
ch_Tricity	23/12/2018	03:44:42	Talos	Wasyl quit (timeout)
ch_ORP_Kaszub	23/12/2018	03:44:42	Talos	Wasyl quit (timeout)
ch_OldTown	23/12/2018	03:44:42	Talos	Wasyl quit (timeout)
ch_OldTown	23/12/2018	03:53:40		Talos joins OldTown
ch_ORP_Kaszub	23/12/2018	03:53:40		Talos joins ORP_Kaszub
ch_Tricity	23/12/2018	03:53:40		Talos joins Tricity
ch_Północ	23/12/2018	03:53:40		Talos joins Północ
pv_6ed94f8d760e32a7f4eef599887dfddf196528cd_ac098d9f4056d51305b25a52fee2830b46c43bb0	23/12/2018	03:54:38	Talos	Talos quit
ch_OldTown	23/12/2018	03:54:56	Talos	Talos quit
ch_ORP_Kaszub	23/12/2018	03:54:58	Talos	Talos quit
ch_Tricity	23/12/2018	03:55:06	Talos	Talos quit
ch_Północ	23/12/2018	03:55:08	Talos	Talos quit
ch_OldTown	23/12/2018	03:55:10	Talos	Talos joins OldTown
ch_OldTown	23/12/2018	03:55:13	Talos	Talos quit
ch_OldTown	23/12/2018	09:52:42		Pielgrzym joins OldTown
ch_ORP_Kaszub	23/12/2018	09:52:42		Pielgrzym joins ORP_Kaszub
ch_Tricity	23/12/2018	09:52:42		Pielgrzym joins Tricity
ch_Północ	23/12/2018	09:52:42		Pielgrzym joins Północ
ch_OldTown	23/12/2018	11:01:08		Chmielu joins OldTown
ch_ORP_Kaszub	23/12/2018	11:01:08		Chmielu joins ORP_Kaszub
ch_Tricity	23/12/2018	11:01:08		Chmielu joins Tricity
ch_Północ	23/12/2018	11:01:08		Chmielu joins Północ
ch_OldTown	29/12/2018	01:47:57		Hex joins OldTown
ch_ORP_Kaszub	29/12/2018	01:47:57		Hex joins ORP_Kaszub
ch_Tricity	29/12/2018	01:47:57		Hex joins Tricity
ch_Północ	29/12/2018	01:47:57		Hex joins Północ
ch_OldTown	03/01/2019	15:28:16		MUR joins OldTown
ch_ORP_Kaszub	03/01/2019	15:28:16		MUR joins ORP_Kaszub
ch_Tricity	03/01/2019	15:28:16		MUR joins Tricity
ch_Północ	03/01/2019	15:28:16		MUR joins Północ
ch_OldTown	07/01/2019	19:42:35		Pastor joins OldTown
ch_ORP_Kaszub	07/01/2019	19:42:35		Pastor joins ORP_Kaszub
ch_Tricity	07/01/2019	19:42:35		Pastor joins Tricity
ch_Północ	07/01/2019	19:42:35		Pastor joins Północ
ch_OldTown	07/01/2019	19:43:46		Sezerp joins OldTown
ch_ORP_Kaszub	07/01/2019	19:43:46		Sezerp joins ORP_Kaszub
ch_Tricity	07/01/2019	19:43:46		Sezerp joins Tricity
ch_Północ	07/01/2019	19:43:46		Sezerp joins Północ
ch_ORP_Kaszub	07/01/2019	19:57:25	Sezerp	
ch_OldTown	08/01/2019	21:53:25		Sezerp joins OldTown
ch_ORP_Kaszub	08/01/2019	21:53:25		Sezerp joins ORP_Kaszub
ch_Tricity	08/01/2019	21:53:25		Sezerp joins Tricity
ch_Północ	08/01/2019	21:53:25		Sezerp joins Północ
ch_OldTown	08/01/2019	21:53:27		Strzygoń joins OldTown
ch_ORP_Kaszub	08/01/2019	21:53:27		Strzygoń joins ORP_Kaszub
ch_Tricity	08/01/2019	21:53:27		Strzygoń joins Tricity
ch_Północ	08/01/2019	21:53:27		Strzygoń joins Północ
ch_ORP_Kaszub	08/01/2019	21:53:57	Strzygoń	Baczność, tempe chuje!
ch_Północ	08/01/2019	21:55:20	Sezerp	Strzygoń quit (timeout)
ch_Tricity	08/01/2019	21:55:20	Sezerp	Strzygoń quit (timeout)
ch_ORP_Kaszub	08/01/2019	21:55:20	Sezerp	Strzygoń quit (timeout)
ch_OldTown	08/01/2019	21:55:20	Sezerp	Strzygoń quit (timeout)
ch_Północ	08/01/2019	21:57:22	Sezerp	Strzygoń quit (timeout)
ch_Tricity	08/01/2019	21:57:22	Sezerp	Strzygoń quit (timeout)
ch_ORP_Kaszub	08/01/2019	21:57:22	Sezerp	Strzygoń quit (timeout)
ch_OldTown	08/01/2019	21:57:22	Sezerp	Strzygoń quit (timeout)
ch_OldTown	10/01/2019	00:58:36		Wasyl joins OldTown
ch_ORP_Kaszub	10/01/2019	00:58:36		Wasyl joins ORP_Kaszub
ch_Tricity	10/01/2019	00:58:36		Wasyl joins Tricity
ch_Północ	10/01/2019	00:58:36		Wasyl joins Północ
ch_OldTown	11/01/2019	10:43:03		Chmielu joins OldTown
ch_ORP_Kaszub	11/01/2019	10:43:03		Chmielu joins ORP_Kaszub
ch_Tricity	11/01/2019	10:43:03		Chmielu joins Tricity
ch_Północ	11/01/2019	10:43:03		Chmielu joins Północ
ch_OldTown	13/01/2019	17:40:39		Hex joins OldTown
ch_ORP_Kaszub	13/01/2019	17:40:39		Hex joins ORP_Kaszub
ch_Tricity	13/01/2019	17:40:39		Hex joins Tricity
ch_Północ	13/01/2019	17:40:39		Hex joins Północ
ch_OldTown	19/01/2019	20:55:22		Sezerp joins OldTown
ch_ORP_Kaszub	19/01/2019	20:55:22		Sezerp joins ORP_Kaszub
ch_Tricity	19/01/2019	20:55:22		Sezerp joins Tricity
ch_Północ	19/01/2019	20:55:22		Sezerp joins Północ
ch_OldTown	20/01/2019	01:46:19		Hex joins OldTown
ch_ORP_Kaszub	20/01/2019	01:46:19		Hex joins ORP_Kaszub
ch_Tricity	20/01/2019	01:46:19		Hex joins Tricity
ch_Północ	20/01/2019	01:46:19		Hex joins Północ
ch_OldTown	23/01/2019	02:58:53		Strzygoń joins OldTown
ch_ORP_Kaszub	23/01/2019	02:58:53		Strzygoń joins ORP_Kaszub
ch_Tricity	23/01/2019	02:58:53		Strzygoń joins Tricity
ch_Północ	23/01/2019	02:58:53		Strzygoń joins Północ
ch_OldTown	24/01/2019	03:05:11		Wasyl joins OldTown
ch_ORP_Kaszub	24/01/2019	03:05:11		Wasyl joins ORP_Kaszub
ch_Tricity	24/01/2019	03:05:11		Wasyl joins Tricity
ch_Północ	24/01/2019	03:05:12		Wasyl joins Północ
ch_OldTown	26/01/2019	00:33:05		Chmielu joins OldTown
ch_ORP_Kaszub	26/01/2019	00:33:05		Chmielu joins ORP_Kaszub
ch_Tricity	26/01/2019	00:33:05		Chmielu joins Tricity
ch_Północ	26/01/2019	00:33:05		Chmielu joins Północ
ch_Północ	26/01/2019	00:33:59	Chmielu	Co tak cicho wracamy z północy, kto się z nami m
ch_Północ	26/01/2019	00:34:16	Chmielu	Napije!1-!!1!11!
ch_Północ	26/01/2019	00:35:23	Chmielu	Nie ta częstotliwość nie wracamy chyba do was
ch_ORP_Kaszub	26/01/2019	00:36:46	Chmielu	Za jakiś czas będziemy niech %% będą gotowe nie było mnie długo więc mój alkochol już powienien dojżeć, jeżeli ktoś pamieta gdzie go schowałem
ch_OldTown	04/02/2019	19:02:49		Wasyl joins OldTown
ch_ORP_Kaszub	04/02/2019	19:02:49		Wasyl joins ORP_Kaszub
ch_Tricity	04/02/2019	19:02:50		Wasyl joins Tricity
ch_Północ	04/02/2019	19:02:50		Wasyl joins Północ
ch_OldTown	08/02/2019	18:52:46		Sezerp joins OldTown
ch_ORP_Kaszub	08/02/2019	18:52:46		Sezerp joins ORP_Kaszub
ch_Tricity	08/02/2019	18:52:46		Sezerp joins Tricity
ch_Północ	08/02/2019	18:52:47		Sezerp joins Północ
ch_OldTown	31/03/2019	11:01:30		Hex joins OldTown
ch_ORP_Kaszub	31/03/2019	11:01:30		Hex joins ORP_Kaszub
ch_Tricity	31/03/2019	11:01:31		Hex joins Tricity
ch_Północ	31/03/2019	11:01:31		Hex joins Północ
ch_OldTown	11/06/2019	16:18:14		Hex joins OldTown
ch_ORP_Kaszub	11/06/2019	16:18:14		Hex joins ORP_Kaszub
ch_Tricity	11/06/2019	16:18:15		Hex joins Tricity
ch_Północ	11/06/2019	16:18:15		Hex joins Północ
ch_OldTown	17/06/2019	23:08:57		Pielgrzym joins OldTown
ch_ORP_Kaszub	17/06/2019	23:08:57		Pielgrzym joins ORP_Kaszub
ch_Tricity	17/06/2019	23:08:57		Pielgrzym joins Tricity
ch_Północ	17/06/2019	23:08:57		Pielgrzym joins Północ
ch_OldTown	09/07/2019	12:39:30		Wasyl joins OldTown
ch_ORP_Kaszub	09/07/2019	12:39:31		Wasyl joins ORP_Kaszub
ch_Tricity	09/07/2019	12:39:31		Wasyl joins Tricity
ch_Północ	09/07/2019	12:39:31		Wasyl joins Północ
ch_ORP_Kaszub	09/07/2019	12:41:39	Wasyl	Wszyscy dotarli do Oldtown, jak tam u was na Kaszubie?
ch_OldTown	09/07/2019	16:58:17		Pielgrzym joins OldTown
ch_ORP_Kaszub	09/07/2019	16:58:17		Pielgrzym joins ORP_Kaszub
ch_Tricity	09/07/2019	16:58:17		Pielgrzym joins Tricity
ch_Północ	09/07/2019	16:58:17		Pielgrzym joins Północ
ch_ORP_Kaszub	09/07/2019	17:05:36	Pielgrzym	Trochę się zmieniło 
ch_ORP_Kaszub	09/07/2019	17:09:26	Pielgrzym	Nie będziemy już posłuszni Kapitanowi. Ludzie przestali wierzyć w jego wizję. Nie macie tu do czego wracać, jeśli on nadal dowodzi.
ch_ORP_Kaszub	09/07/2019	17:10:15	Pielgrzym	Żegnajcie
ch_OldTown	09/07/2019	17:11:07		Pielgrzym joins OldTown
ch_ORP_Kaszub	09/07/2019	17:11:07		Pielgrzym joins ORP_Kaszub
ch_Tricity	09/07/2019	17:11:07		Pielgrzym joins Tricity
ch_Północ	09/07/2019	17:11:07		Pielgrzym joins Północ
ch_OldTown	09/07/2019	17:15:26		Pielgrzym joins OldTown
ch_ORP_Kaszub	09/07/2019	17:15:26		Pielgrzym joins ORP_Kaszub
ch_Tricity	09/07/2019	17:15:26		Pielgrzym joins Tricity
ch_Północ	09/07/2019	17:15:26		Pielgrzym joins Północ
ch_OldTown	09/07/2019	20:43:59		Anysz joins OldTown
ch_ORP_Kaszub	09/07/2019	20:43:59		Anysz joins ORP_Kaszub
ch_Tricity	09/07/2019	20:43:59		Anysz joins Tricity
ch_Północ	09/07/2019	20:43:59		Anysz joins Północ
ch_ORP_Kaszub	09/07/2019	20:48:55	Anysz	Pielgrzym przekonał do buntu prawie wszystkich osadników. Musiał przygotowywać to od dawna. Ja i jeszcze kilku z nas, którzy nie chcieli dołączyć do tego szaleństwa, jesteśmy uwięzieni na Kaszubie. Buntownicy odcięli nas od głównych zapasów żywności. Jest ich więcej niż nas. Kapitanie, czy mamy otworzyć ogień do ludzi?
ch_OldTown	09/07/2019	22:31:42		Anysz joins OldTown
ch_ORP_Kaszub	09/07/2019	22:31:42		Anysz joins ORP_Kaszub
ch_Tricity	09/07/2019	22:31:43		Anysz joins Tricity
ch_Północ	09/07/2019	22:31:43		Anysz joins Północ
ch_OldTown	10/07/2019	14:18:20		Wasyl joins OldTown
ch_ORP_Kaszub	10/07/2019	14:18:20		Wasyl joins ORP_Kaszub
ch_Tricity	10/07/2019	14:18:20		Wasyl joins Tricity
ch_Północ	10/07/2019	14:18:20		Wasyl joins Północ
ch_OldTown	10/07/2019	14:19:11	Wasyl	Wasyl changes nickname to Talos
ch_ORP_Kaszub	10/07/2019	14:19:11	Wasyl	Wasyl changes nickname to Talos
ch_Tricity	10/07/2019	14:19:11	Wasyl	Wasyl changes nickname to Talos
ch_Północ	10/07/2019	14:19:11	Wasyl	Wasyl changes nickname to Talos
ch_ORP_Kaszub	10/07/2019	14:31:57	Talos	Nie otwierać ognia do osadników, strzelać tylko w samoobronie. Jeżeli to możliwe spróbujcie przemówić im do rozsądku! Czy Pielgrzym nadal jest na obiekcie?
ch_Północ	10/07/2019	14:34:04	Talos	OldTownt do Północy! Na Kaszubie doszło do buntu, w logach powinniście mieć wszystko. Pielgrzym dopuścił sę zdrady! Potrzebujemy wsparcia w punkcie przerzutowym!
ch_Tricity	10/07/2019	14:35:16	Talos	OldTown do TriCity! Doszło buntu w osadzie przy Przy Kaszubie! Potrzebujemy wsparcia w punkcie przerzutowym!
ch_ORP_Kaszub	10/07/2019	14:35:45	Talos	Kaszub odbiór!
ch_OldTown	10/07/2019	16:05:38		Anysz joins OldTown
ch_ORP_Kaszub	10/07/2019	16:05:38		Anysz joins ORP_Kaszub
ch_Tricity	10/07/2019	16:05:38		Anysz joins Tricity
ch_Północ	10/07/2019	16:05:38		Anysz joins Północ
ch_ORP_Kaszub	10/07/2019	16:09:36	Anysz	Zrozumiano Kapitanie! Osadnicy nie przejawiają agresji, przynajmniej na razie. Jedynie nie pozwalają nam opuścić statku. Pielgrzym wszedł wczoraj wieczorem do neo-puszczy i nie wrócił jeszcze. 
ch_ORP_Kaszub	10/07/2019	16:14:39	Anysz	Zablokował wcześniej wejście do swojej pracowni na pokładzie. Mamy wyważyć drzwi i ją sprawdzić?
ch_OldTown	10/07/2019	17:11:37		Anysz joins OldTown
ch_ORP_Kaszub	10/07/2019	17:11:37		Anysz joins ORP_Kaszub
ch_Tricity	10/07/2019	17:11:37		Anysz joins Tricity
ch_Północ	10/07/2019	17:11:38		Anysz joins Północ
ch_OldTown	10/07/2019	17:14:13		Talos joins OldTown
ch_ORP_Kaszub	10/07/2019	17:14:13		Talos joins ORP_Kaszub
ch_Tricity	10/07/2019	17:14:13		Talos joins Tricity
ch_Północ	10/07/2019	17:14:13		Talos joins Północ
ch_ORP_Kaszub	10/07/2019	17:16:16	Talos	Nie wyważajcie to może być pułapka.
ch_OldTown	10/07/2019	19:34:27		Anysz joins OldTown
ch_ORP_Kaszub	10/07/2019	19:34:27		Anysz joins ORP_Kaszub
ch_Tricity	10/07/2019	19:34:27		Anysz joins Tricity
ch_Północ	10/07/2019	19:34:27		Anysz joins Północ
ch_ORP_Kaszub	10/07/2019	19:36:57	Anysz	Przyjąłem. Co mamy zrobić, gdyby Pielgrzym się pojawił? 
ch_ORP_Kaszub	10/07/2019	19:42:24	Anysz	Buntownicy wydają się być w ogóle nieprzejęci jego nieobecnością, ale wygląda na to, że coś szykują w jednym z magazynów. Z pokładu widzimy jak wnoszą tam kosze różnych roślin z neo-puszczy. Z tej odległości nie umiemy ocenić co dokładnie. Na plaży układają stos drewna, ale chyba nie zamierzają robić zwyczajnego ogniska.
ch_OldTown	10/07/2019	20:31:11		Anysz joins OldTown
ch_ORP_Kaszub	10/07/2019	20:31:11		Anysz joins ORP_Kaszub
ch_Tricity	10/07/2019	20:31:11		Anysz joins Tricity
ch_Północ	10/07/2019	20:31:11		Anysz joins Północ
ch_OldTown	10/07/2019	21:11:24		Talos joins OldTown
ch_ORP_Kaszub	10/07/2019	21:11:24		Talos joins ORP_Kaszub
ch_Tricity	10/07/2019	21:11:24		Talos joins Tricity
ch_Północ	10/07/2019	21:11:25		Talos joins Północ
ch_ORP_Kaszub	10/07/2019	21:15:45	Talos	Miejcie w pogotowiu maski przeciwgazowe, mogą probowac wywołać masowe halucynacje.
ch_ORP_Kaszub	10/07/2019	21:16:23	Talos	Gdyby Pielgrzym się pojawił raportujcie.
ch_OldTown	10/07/2019	21:17:15		Talos joins OldTown
ch_ORP_Kaszub	10/07/2019	21:17:15		Talos joins ORP_Kaszub
ch_Tricity	10/07/2019	21:17:15		Talos joins Tricity
ch_Północ	10/07/2019	21:17:15		Talos joins Północ
ch_OldTown	10/07/2019	23:04:25		Anysz joins OldTown
ch_ORP_Kaszub	10/07/2019	23:04:25		Anysz joins ORP_Kaszub
ch_Tricity	10/07/2019	23:04:26		Anysz joins Tricity
ch_Północ	10/07/2019	23:04:26		Anysz joins Północ
ch_ORP_Kaszub	10/07/2019	23:14:20	Anysz	Godzinę temu rozpalili wielkie ognisko. Przygotowaliśmy maski przeciwgazowe. Oni wszyscy tam siedzą i zdaje się, że na coś czekają. 
ch_ORP_Kaszub	10/07/2019	23:30:09	Anysz	Wrócił Pielgrzym
ch_ORP_Kaszub	10/07/2019	23:30:12	Anysz	Powtarzam
ch_ORP_Kaszub	10/07/2019	23:30:16	Anysz	Wrócił Pielgrzym 
ch_ORP_Kaszub	10/07/2019	23:33:12	Anysz	Obserwujemy go przez lornetkę. W świetle ognia nie widać dobrze, ale wygląda na osłabionego. Coś stało się z jego twarzą. Ludzie skupili się przy nim i słuchają co mówi
ch_ORP_Kaszub	10/07/2019	23:35:50	Anysz	Wszedł do magazynu 
ch_ORP_Kaszub	10/07/2019	23:36:38	Anysz	Reszta ludzi zaczęła się rozchodzić. Zagaszają to ognisko. 
ch_ORP_Kaszub	10/07/2019	23:39:19	Anysz	Wrzucili coś na pokład. Kazałem strącić to na ziemię. 
ch_ORP_Kaszub	10/07/2019	23:41:18	Anysz	Jak wygląda sytuacja w OldTown? Proszę, o jakieś dobre wieści. Przeliczyliśmy zapasy żywności na statku. Przy oszczędnym racjonowaniu, starczy nam na maksymalnie tydzień.
ch_OldTown	10/07/2019	23:47:53		Anysz joins OldTown
ch_ORP_Kaszub	10/07/2019	23:47:53		Anysz joins ORP_Kaszub
ch_Tricity	10/07/2019	23:47:53		Anysz joins Tricity
ch_Północ	10/07/2019	23:47:53		Anysz joins Północ
ch_OldTown	11/07/2019	15:43:35		Talos joins OldTown
ch_ORP_Kaszub	11/07/2019	15:43:35		Talos joins ORP_Kaszub
ch_Tricity	11/07/2019	15:43:35		Talos joins Tricity
ch_Północ	11/07/2019	15:43:35		Talos joins Północ
ch_ORP_Kaszub	11/07/2019	15:45:59	Talos	Oldtown zostało odcięte przez 4 Rzesze. Całe miasto próbuje  rozwiązać ten problem.
ch_ORP_Kaszub	11/07/2019	15:46:46	Talos	Poddajemy wirus badaniom i liczymy na pozytywne rezultaty
ch_ORP_Kaszub	11/07/2019	15:47:49	Talos	Z Tricity dotarła ostatnia karawana z amunicją, jeżeli będziemy musieli przypuścić szturm to jesteśmy przygotowani.
ch_ORP_Kaszub	11/07/2019	15:48:22	Talos	Postaramy się w ciągu tygodnia was uratować.
ch_ORP_Kaszub	11/07/2019	15:51:27	Talos	Najprawdopodobniej uda nam się naprawićJavlina
ch_OldTown	11/07/2019	17:00:33		Anysz joins OldTown
ch_ORP_Kaszub	11/07/2019	17:00:33		Anysz joins ORP_Kaszub
ch_Tricity	11/07/2019	17:00:33		Anysz joins Tricity
ch_Północ	11/07/2019	17:00:33		Anysz joins Północ
ch_ORP_Kaszub	11/07/2019	17:05:07	Anysz	Dzisiaj buntownicy kilkukrotnie chcieli wejść na pokład. Twierdzili, że potrzebują czegoś z pracowni Pielgrzyma. Nie wpuszczaliśmy ich
ch_ORP_Kaszub	11/07/2019	17:07:24	Anysz	W odpowiedzi wrzucili na statek kolejny pakunek. Ze środka wypełzł marionetkarz w ciele niemowlaka. Na szczęście nikt nie ucierpiał. 
ch_ORP_Kaszub	11/07/2019	17:09:37	Anysz	Pielgrzym nie pojawił się na plaży przez cały dzień. Ludzie zaczęli zbierać broń, narzędzia i zapasy przed magazynem. Zliczają wszystko.  
ch_OldTown	11/07/2019	17:12:34		Anysz joins OldTown
ch_ORP_Kaszub	11/07/2019	17:12:34		Anysz joins ORP_Kaszub
ch_Tricity	11/07/2019	17:12:34		Anysz joins Tricity
ch_Północ	11/07/2019	17:12:34		Anysz joins Północ
ch_ORP_Kaszub	11/07/2019	17:13:09	Anysz	Zamierzacie wykorzystać wirusa do rozwiązania problemu 4tej Rzeszy? 
ch_OldTown	11/07/2019	18:38:10		Anysz joins OldTown
ch_ORP_Kaszub	11/07/2019	18:38:10		Anysz joins ORP_Kaszub
ch_Tricity	11/07/2019	18:38:11		Anysz joins Tricity
ch_Północ	11/07/2019	18:38:11		Anysz joins Północ
ch_OldTown	11/07/2019	19:43:31		Anysz joins OldTown
ch_ORP_Kaszub	11/07/2019	19:43:31		Anysz joins ORP_Kaszub
ch_Tricity	11/07/2019	19:43:31		Anysz joins Tricity
ch_Północ	11/07/2019	19:43:31		Anysz joins Północ
ch_ORP_Kaszub	11/07/2019	19:43:44	Anysz	Kapitanie!
ch_ORP_Kaszub	11/07/2019	19:43:54	Anysz	Odbiór!
ch_ORP_Kaszub	11/07/2019	19:46:03	Anysz	Buntownicy wrzucili gniazdo pszczół na statek. Trzech z naszych jest ciężko pożądlonych. Umrą jeśli nie dostaną serum, które jest w pracowni Pielgrzyma. Musimy wpuścić go na pokład. 
ch_ORP_Kaszub	11/07/2019	19:46:42	Anysz	Robi się gorąco. Oni mają może dzień
ch_ORP_Kaszub	11/07/2019	19:47:55	Anysz	Kapitanie? Jakie rozkazy? 
ch_OldTown	11/07/2019	20:59:20		Anysz joins OldTown
ch_ORP_Kaszub	11/07/2019	20:59:20		Anysz joins ORP_Kaszub
ch_Tricity	11/07/2019	20:59:21		Anysz joins Tricity
ch_Północ	11/07/2019	20:59:21		Anysz joins Północ
ch_OldTown	11/07/2019	22:05:13		Anysz joins OldTown
ch_ORP_Kaszub	11/07/2019	22:05:14		Anysz joins ORP_Kaszub
ch_Tricity	11/07/2019	22:05:14		Anysz joins Tricity
ch_Północ	11/07/2019	22:05:14		Anysz joins Północ
ch_OldTown	11/07/2019	23:41:15		Anysz joins OldTown
ch_ORP_Kaszub	11/07/2019	23:41:15		Anysz joins ORP_Kaszub
ch_Tricity	11/07/2019	23:41:15		Anysz joins Tricity
ch_Północ	11/07/2019	23:41:15		Anysz joins Północ
ch_ORP_Kaszub	11/07/2019	23:42:36	Anysz	Jest coraz gorzej. Kapitanie, nie możemy czekać. Rano przystanę na warunki Pielgrzyma, żeby ratować życie naszych. 
ch_ORP_Kaszub	11/07/2019	23:42:48	Anysz	ORP Kaszub, bez odbioru. 
ch_OldTown	12/07/2019	17:28:29		Anysz joins OldTown
ch_ORP_Kaszub	12/07/2019	17:28:30		Anysz joins ORP_Kaszub
ch_Tricity	12/07/2019	17:28:30		Anysz joins Tricity
ch_Północ	12/07/2019	17:28:30		Anysz joins Północ
ch_ORP_Kaszub	12/07/2019	17:30:25	Anysz	Wszystko bardzo sprytnie zaplanował. Kazał nam zejść z pokładu i zostawić tylko tych trzech, którzy potrzebowali pomocy. Buntownicy odebrali nam całą broń. Pielgrzym zabrał wszystkie swoje notatki odnośnie neo-puszczy. Wyleczył użądlonych i zostawił ich związanych. 
ch_ORP_Kaszub	12/07/2019	17:31:54	Anysz	Potem zabrał wszystkich swoich popleczników do neo-puszczy 
ch_ORP_Kaszub	12/07/2019	17:32:13	Anysz	Osada Przystani jest pusta
ch_ORP_Kaszub	12/07/2019	17:32:34	Anysz	Zostało nas niewielu i nie mamy żadnych spluw
ch_ORP_Kaszub	12/07/2019	17:32:45	Anysz	Czekamy na wasz powrót
ch_OldTown	12/07/2019	19:12:18		Anysz joins OldTown
ch_ORP_Kaszub	12/07/2019	19:12:18		Anysz joins ORP_Kaszub
ch_Tricity	12/07/2019	19:12:18		Anysz joins Tricity
ch_Północ	12/07/2019	19:12:18		Anysz joins Północ
ch_OldTown	12/07/2019	20:37:32		Wasyl joins OldTown
ch_ORP_Kaszub	12/07/2019	20:37:32		Wasyl joins ORP_Kaszub
ch_Tricity	12/07/2019	20:37:33		Wasyl joins Tricity
ch_Północ	12/07/2019	20:37:33		Wasyl joins Północ
ch_OldTown	13/07/2019	01:11:25		Anysz joins OldTown
ch_ORP_Kaszub	13/07/2019	01:11:25		Anysz joins ORP_Kaszub
ch_Tricity	13/07/2019	01:11:25		Anysz joins Tricity
ch_Północ	13/07/2019	01:11:25		Anysz joins Północ
ch_OldTown	16/07/2019	21:29:17		Talos joins OldTown
ch_ORP_Kaszub	16/07/2019	21:29:17		Talos joins ORP_Kaszub
ch_Tricity	16/07/2019	21:29:17		Talos joins Tricity
ch_Północ	16/07/2019	21:29:17		Talos joins Północ
ch_OldTown	26/07/2019	23:52:42		Jerzy joins OldTown
ch_ORP_Kaszub	26/07/2019	23:52:42		Jerzy joins ORP_Kaszub
ch_Tricity	26/07/2019	23:52:42		Jerzy joins Tricity
ch_Północ	26/07/2019	23:52:42		Jerzy joins Północ
ch_OldTown	31/07/2019	23:34:04		Hindus joins OldTown
ch_ORP_Kaszub	31/07/2019	23:34:04		Hindus joins ORP_Kaszub
ch_Tricity	31/07/2019	23:34:04		Hindus joins Tricity
ch_Północ	31/07/2019	23:34:04		Hindus joins Północ
ch_OldTown	02/08/2019	22:35:45		Wasyl joins OldTown
ch_ORP_Kaszub	02/08/2019	22:35:45		Wasyl joins ORP_Kaszub
ch_Tricity	02/08/2019	22:35:45		Wasyl joins Tricity
ch_Północ	02/08/2019	22:35:45		Wasyl joins Północ
ch_OldTown	04/08/2019	19:20:10		Strzygoń joins OldTown
ch_ORP_Kaszub	04/08/2019	19:20:10		Strzygoń joins ORP_Kaszub
ch_Tricity	04/08/2019	19:20:10		Strzygoń joins Tricity
ch_Północ	04/08/2019	19:20:11		Strzygoń joins Północ
ch_ORP_Kaszub	04/08/2019	19:23:43	Strzygoń	Aha
